#
# There is insufficient memory for the Java Runtime Environment to continue.
# Native memory allocation (mmap) failed to map 266338304 bytes for Failed to commit area from 0x0000000702e00000 to 0x0000000712c00000 of length 266338304.
# Possible reasons:
#   The system is out of physical RAM or swap space
#   The process is running with CompressedOops enabled, and the Java Heap may be blocking the growth of the native heap
# Possible solutions:
#   Reduce memory load on the system
#   Increase physical memory or swap space
#   Check if swap backing store is full
#   Decrease Java heap size (-Xmx/-Xms)
#   Decrease number of Java threads
#   Decrease Java thread stack sizes (-Xss)
#   Set larger code cache with -XX:ReservedCodeCacheSize=
# This output file may be truncated or incomplete.
#
#  Out of Memory Error (c:/BuildAgent/work/64e6ab55ab19e5a9/src/hotspot/os/windows/os_windows.cpp:3272), pid=15972, tid=28692
#
# JRE version:  (11.0.2+9) (build )
# Java VM: OpenJDK 64-Bit Server VM (11.0.2+9-b159.56, mixed mode, aot, sharing, tiered, compressed oops, g1 gc, windows-amd64)
# No core dump will be written. Minidumps are not enabled by default on client versions of Windows
#

---------------  S U M M A R Y ------------

Command Line: org.jetbrains.git4idea.http.GitAskPassApp Username for 'https://github.com': 

Host: Intel(R) Core(TM) i7-8550U CPU @ 1.80GHz, 8 cores, 15G,  Windows 10 , 64 bit Build 22621 (10.0.22621.3374)
Time: Wed May  1 16:46:03 2024 W. Europe Summer Time elapsed time: 0 seconds (0d 0h 0m 0s)

---------------  T H R E A D  ---------------

Current thread (0x00000200583eb800):  JavaThread "Unknown thread" [_thread_in_vm, id=28692, stack(0x0000009ee9200000,0x0000009ee9300000)]

Stack: [0x0000009ee9200000,0x0000009ee9300000]
Native frames: (J=compiled Java code, j=interpreted, Vv=VM code, C=native code)
V  [jvm.dll+0x5da82a]
V  [jvm.dll+0x70b6c9]
V  [jvm.dll+0x70cbe8]
V  [jvm.dll+0x70d2b3]
V  [jvm.dll+0x240f18]
V  [jvm.dll+0x5d7fc4]
V  [jvm.dll+0x5cd115]
V  [jvm.dll+0x2fa5eb]
V  [jvm.dll+0x2fa55a]
V  [jvm.dll+0x2fa432]
V  [jvm.dll+0x2ff316]
V  [jvm.dll+0x347993]
V  [jvm.dll+0x348096]
V  [jvm.dll+0x347a93]
V  [jvm.dll+0x2d5588]
V  [jvm.dll+0x2d66c7]
V  [jvm.dll+0x6eaac7]
V  [jvm.dll+0x6ec22c]
V  [jvm.dll+0x3551c9]
V  [jvm.dll+0x6d274e]
V  [jvm.dll+0x3bd953]
V  [jvm.dll+0x3bfcc1]
C  [java.exe+0x3763]
C  [java.exe+0x17a0c]
C  [KERNEL32.DLL+0x1257d]
C  [ntdll.dll+0x5aa48]


---------------  P R O C E S S  ---------------

Threads class SMR info:
_java_thread_list=0x00000200561783f0, length=0, elements={
}

Java Threads: ( => current thread )

Other Threads:
  0x0000020058402800 GCTaskThread "GC Thread#0" [stack: 0x0000009ee9300000,0x0000009ee9400000] [id=19060]
  0x0000020058460800 ConcurrentGCThread "G1 Main Marker" [stack: 0x0000009ee9400000,0x0000009ee9500000] [id=35212]
  0x0000020058462000 ConcurrentGCThread "G1 Conc#0" [stack: 0x0000009ee9500000,0x0000009ee9600000] [id=26816]

[error occurred during error reporting (printing all threads), id 0xc0000005, EXCEPTION_ACCESS_VIOLATION (0xc0000005) at pc=0x00007ffb6fc85687]

VM state:not at safepoint (not fully initialized)

VM Mutex/Monitor currently owned by a thread:  ([mutex/lock_event])
[0x00000200583e62a0] Heap_lock - owner thread: 0x00000200583eb800

Heap address: 0x0000000702e00000, size: 4050 MB, Compressed Oops mode: Non-zero based: 0x0000000702e00000
Narrow klass base: 0x0000000000000000, Narrow klass shift: 0

GC Heap History (0 events):
No events

Deoptimization events (0 events):
No events

Classes redefined (0 events):
No events

Internal exceptions (0 events):
No events

Events (0 events):
No events


Dynamic libraries:
0x00007ff63ae10000 - 0x00007ff63ae57000 	C:\Program Files\JetBrains\PyCharm Community Edition 2019.1.2\jre64\bin\java.exe
0x00007ffc097d0000 - 0x00007ffc099e6000 	C:\WINDOWS\SYSTEM32\ntdll.dll
0x00007ffc08630000 - 0x00007ffc086f4000 	C:\WINDOWS\System32\KERNEL32.DLL
0x00007ffc06bb0000 - 0x00007ffc06f57000 	C:\WINDOWS\System32\KERNELBASE.dll
0x00007ffc08110000 - 0x00007ffc082be000 	C:\WINDOWS\System32\USER32.dll
0x00007ffc07080000 - 0x00007ffc070a6000 	C:\WINDOWS\System32\win32u.dll
0x00007ffc091a0000 - 0x00007ffc091c9000 	C:\WINDOWS\System32\GDI32.dll
0x00007ffc07370000 - 0x00007ffc07489000 	C:\WINDOWS\System32\gdi32full.dll
0x00007ffc06f60000 - 0x00007ffc06ffa000 	C:\WINDOWS\System32\msvcp_win.dll
0x00007ffc07250000 - 0x00007ffc07361000 	C:\WINDOWS\System32\ucrtbase.dll
0x00007ffbed4f0000 - 0x00007ffbed783000 	C:\WINDOWS\WinSxS\amd64_microsoft.windows.common-controls_6595b64144ccf1df_6.0.22621.3235_none_270f74e173860f98\COMCTL32.dll
0x00007ffc08580000 - 0x00007ffc08627000 	C:\WINDOWS\System32\msvcrt.dll
0x00007ffc07500000 - 0x00007ffc07531000 	C:\WINDOWS\System32\IMM32.DLL
0x00007ffbf0c40000 - 0x00007ffbf0c57000 	C:\Program Files\JetBrains\PyCharm Community Edition 2019.1.2\jre64\bin\vcruntime140.dll
0x00007ffbc0050000 - 0x00007ffbc00ed000 	C:\Program Files\JetBrains\PyCharm Community Edition 2019.1.2\jre64\bin\msvcp140.dll
0x00007ffb6f9a0000 - 0x00007ffb70456000 	C:\Program Files\JetBrains\PyCharm Community Edition 2019.1.2\jre64\bin\server\jvm.dll
0x00007ffc084c0000 - 0x00007ffc08572000 	C:\WINDOWS\System32\ADVAPI32.dll
0x00007ffc08310000 - 0x00007ffc083b8000 	C:\WINDOWS\System32\sechost.dll
0x00007ffc07220000 - 0x00007ffc07248000 	C:\WINDOWS\System32\bcrypt.dll
0x00007ffc08ac0000 - 0x00007ffc08bd5000 	C:\WINDOWS\System32\RPCRT4.dll
0x00007ffc07710000 - 0x00007ffc07718000 	C:\WINDOWS\System32\PSAPI.DLL
0x00007ffbec880000 - 0x00007ffbec889000 	C:\WINDOWS\SYSTEM32\WSOCK32.dll
0x00007ffc01ad0000 - 0x00007ffc01b04000 	C:\WINDOWS\SYSTEM32\WINMM.dll
0x00007ffbf4220000 - 0x00007ffbf422a000 	C:\WINDOWS\SYSTEM32\VERSION.dll
0x00007ffc09710000 - 0x00007ffc09781000 	C:\WINDOWS\System32\WS2_32.dll
0x00007ffc05af0000 - 0x00007ffc05b08000 	C:\WINDOWS\SYSTEM32\kernel.appcore.dll
0x00007ffbed8d0000 - 0x00007ffbed8e1000 	C:\Program Files\JetBrains\PyCharm Community Edition 2019.1.2\jre64\bin\verify.dll
0x00007ffc043d0000 - 0x00007ffc04603000 	C:\WINDOWS\SYSTEM32\DBGHELP.DLL
0x00007ffc08be0000 - 0x00007ffc08f68000 	C:\WINDOWS\System32\combase.dll
0x00007ffc07720000 - 0x00007ffc077f7000 	C:\WINDOWS\System32\OLEAUT32.dll
0x00007ffbf3ca0000 - 0x00007ffbf3cd2000 	C:\WINDOWS\SYSTEM32\dbgcore.DLL
0x00007ffc07000000 - 0x00007ffc07079000 	C:\WINDOWS\System32\bcryptPrimitives.dll
0x00007ffbe66d0000 - 0x00007ffbe66f9000 	C:\Program Files\JetBrains\PyCharm Community Edition 2019.1.2\jre64\bin\java.dll
0x00007ffbed050000 - 0x00007ffbed067000 	C:\Program Files\JetBrains\PyCharm Community Edition 2019.1.2\jre64\bin\zip.dll
0x00007ffbfabb0000 - 0x00007ffbfabbb000 	C:\Program Files\JetBrains\PyCharm Community Edition 2019.1.2\jre64\bin\jimage.dll

dbghelp: loaded successfully - version: 4.0.5 - missing functions: none
symbol engine: initialized successfully - sym options: 0x614 - pdb path: .;C:\Program Files\JetBrains\PyCharm Community Edition 2019.1.2\jre64\bin;C:\WINDOWS\SYSTEM32;C:\WINDOWS\WinSxS\amd64_microsoft.windows.common-controls_6595b64144ccf1df_6.0.22621.3235_none_270f74e173860f98;C:\Program Files\JetBrains\PyCharm Community Edition 2019.1.2\jre64\bin\server

VM Arguments:
java_command: org.jetbrains.git4idea.http.GitAskPassApp Username for 'https://github.com': 
java_class_path (initial): C:/Program Files/JetBrains/PyCharm Community Edition 2019.1.2/plugins/git4idea/lib/git4idea-rt.jar;C:/Program Files/JetBrains/PyCharm Community Edition 2019.1.2/lib/xmlrpc-2.0.1.jar;C:/Program Files/JetBrains/PyCharm Community Edition 2019.1.2/lib/commons-codec-1.10.jar;C:/Program Files/JetBrains/PyCharm Community Edition 2019.1.2/lib/util.jar
Launcher Type: SUN_STANDARD

[Global flags]
     intx CICompilerCount                          = 4                                         {product} {ergonomic}
     uint ConcGCThreads                            = 2                                         {product} {ergonomic}
     uint G1ConcRefinementThreads                  = 8                                         {product} {ergonomic}
   size_t G1HeapRegionSize                         = 1048576                                   {product} {ergonomic}
    uintx GCDrainStackTargetSize                   = 64                                        {product} {ergonomic}
   size_t InitialHeapSize                          = 266338304                                 {product} {ergonomic}
   size_t MarkStackSize                            = 4194304                                   {product} {ergonomic}
   size_t MaxHeapSize                              = 4246732800                                {product} {ergonomic}
   size_t MinHeapDeltaBytes                        = 1048576                                   {product} {ergonomic}
    uintx NonNMethodCodeHeapSize                   = 5835340                                {pd product} {ergonomic}
    uintx NonProfiledCodeHeapSize                  = 122911450                              {pd product} {ergonomic}
    uintx ProfiledCodeHeapSize                     = 122911450                              {pd product} {ergonomic}
    uintx ReservedCodeCacheSize                    = 251658240                              {pd product} {ergonomic}
     bool SegmentedCodeCache                       = true                                      {product} {ergonomic}
     bool UseCompressedClassPointers               = true                                 {lp64_product} {ergonomic}
     bool UseCompressedOops                        = true                                 {lp64_product} {ergonomic}
     bool UseG1GC                                  = true                                      {product} {ergonomic}
     bool UseLargePagesIndividualAllocation        = false                                  {pd product} {ergonomic}

Logging:
Log output configuration:
 #0: stdout all=warning uptime,level,tags
 #1: stderr all=off uptime,level,tags

Environment Variables:
PATH=C:/Program Files/Git/mingw64/libexec/git-core;C:/Program Files/Git/mingw64/libexec/git-core;C:\Program Files\Git\mingw64\bin;C:\Program Files\Git\usr\bin;C:\Users\c_mani01\bin;C:\Program Files (x86)\Common Files\Oracle\Java\javapath;C:\Users\c_mani01\AppData\Local\Programs\Python\Python36;C:\Users\c_mani01\Anaconda3;C:\Program Files\dotnet\;C:\Program Files\Microsoft SQL Server\130\Tools\Binn\;C:\Program Files\PostgreSQL\13\bin;C:\Program Files\Microsoft SQL Server\Client SDK\ODBC\170\Tools\Binn\;C:\Program Files (x86)\Java\jre1.8.0_211\bin;C:\Strawberry\c\bin;C:\Strawberry\perl\site\bin;C:\Strawberry\perl\bin;C:\WINDOWS\system32;C:\WINDOWS;C:\WINDOWS\System32\Wbem;C:\WINDOWS\System32\WindowsPowerShell\v1.0\;C:\WINDOWS\System32\OpenSSH\;C:\Program Files\Git\cmd;C:\Program Files\FMEServer\Utilities\jre\bin\client;C:\Program Files\FMEServer\Server\fme;C:\Program Files (x86)\Microsoft Visual Studio\Common\Tools\WinNT;C:\Program Files (x86)\Microsoft Visual Studio\Common\MSDev98\Bin;C:\Program Files (x86)\Microsoft Visual Studio\Common\Tools;C:\Program Files (x86)\Microsoft Visual Studio\VC98\bin;C:\Program Files\MySQL\MySQL Shell 8.0\bin\;C:\Users\c_mani01\AppData\Local\Microsoft\WindowsApps;C:\Program Files (x86)\Java\jre1.8.0_211\bin;
USERNAME=c_mani01
DISPLAY=:0.0
OS=Windows_NT
PROCESSOR_IDENTIFIER=Intel64 Family 6 Model 142 Stepping 10, GenuineIntel



---------------  S Y S T E M  ---------------

OS: Windows 10 , 64 bit Build 22621 (10.0.22621.3374)

CPU:total 8 (initial active 8) (4 cores per cpu, 2 threads per core) family 6 model 142 stepping 10, cmov, cx8, fxsr, mmx, sse, sse2, sse3, ssse3, sse4.1, sse4.2, popcnt, avx, avx2, aes, clmul, erms, 3dnowpref, lzcnt, ht, tsc, tscinvbit, bmi1, bmi2, adx, fma

Memory: 4k page, system-wide physical 16192M (3276M free)
TotalPageFile size 65344M (AvailPageFile size 110M)
current process WorkingSet (physical memory assigned to process): 11M, peak: 11M
current process commit charge ("private bytes"): 60M, peak: 314M

vm_info: OpenJDK 64-Bit Server VM (11.0.2+9-b159.56) for windows-amd64 JRE (11.0.2+9-b159.56), built on Apr 30 2019 15:48:48 by "" with MS VC++ 14.0 (VS2015)

END.
